<?xml version="1.0" encoding="UTF-8"?>
<!-- Generated by org.testng.reporters.JUnitXMLReporter -->
<testsuite hostname="LAPTOP-INC04KK1" name="Default test" tests="3" failures="0" timestamp="16 Apr 2024 05:24:42 GMT" time="37.882" errors="0">
  <testcase name="TestLogin" time="15.562" classname="org.demo.ExcelDataSupllier"/>
  <testcase name="TestLogin" time="10.999" classname="org.demo.ExcelDataSupllier"/>
  <testcase name="TestLogin" time="10.806" classname="org.demo.ExcelDataSupllier"/>
</testsuite> <!-- Default test -->
