<?xml version="1.0" encoding="UTF-8"?>
<testng-results skipped="0" failed="0" total="3" passed="3">
  <reporter-output>
  </reporter-output>
  <suite name="Default suite" duration-ms="37882" started-at="2024-04-16T05:24:04Z" finished-at="2024-04-16T05:24:42Z">
    <groups>
    </groups>
    <test name="Default test" duration-ms="37882" started-at="2024-04-16T05:24:04Z" finished-at="2024-04-16T05:24:42Z">
      <class name="org.demo.ExcelDataSupllier">
        <test-method status="PASS" signature="TestLogin(java.lang.String, java.lang.String)[pri:0, instance:org.demo.ExcelDataSupllier@3c5a99da]" name="TestLogin" duration-ms="15562" started-at="2024-04-16T10:54:04Z" data-provider="loginData" finished-at="2024-04-16T10:54:20Z">
          <params>
            <param index="0">
              <value>
                <![CDATA[abi23.subramanian@gmail.com]]>
              </value>
            </param>
            <param index="1">
              <value>
                <![CDATA[SAbi@23]]>
              </value>
            </param>
          </params>
          <reporter-output>
          </reporter-output>
        </test-method> <!-- TestLogin -->
        <test-method status="PASS" signature="TestLogin(java.lang.String, java.lang.String)[pri:0, instance:org.demo.ExcelDataSupllier@3c5a99da]" name="TestLogin" duration-ms="10999" started-at="2024-04-16T10:54:20Z" data-provider="loginData" finished-at="2024-04-16T10:54:31Z">
          <params>
            <param index="0">
              <value>
                <![CDATA[abi26.subramanian@gmail.com]]>
              </value>
            </param>
            <param index="1">
              <value>
                <![CDATA[sabi123]]>
              </value>
            </param>
          </params>
          <reporter-output>
          </reporter-output>
        </test-method> <!-- TestLogin -->
        <test-method status="PASS" signature="TestLogin(java.lang.String, java.lang.String)[pri:0, instance:org.demo.ExcelDataSupllier@3c5a99da]" name="TestLogin" duration-ms="10806" started-at="2024-04-16T10:54:31Z" data-provider="loginData" finished-at="2024-04-16T10:54:42Z">
          <params>
            <param index="0">
              <value>
                <![CDATA[abi23.subramanian@gmail.com]]>
              </value>
            </param>
            <param index="1">
              <value>
                <![CDATA[123abi]]>
              </value>
            </param>
          </params>
          <reporter-output>
          </reporter-output>
        </test-method> <!-- TestLogin -->
      </class> <!-- org.demo.ExcelDataSupllier -->
    </test> <!-- Default test -->
  </suite> <!-- Default suite -->
</testng-results>
